Copyright 1986-2018 Xilinx, Inc. All Rights Reserved.
------------------------------------------------------------------------------------------
| Tool Version : Vivado v.2018.3 (win64) Build 2405991 Thu Dec  6 23:38:27 MST 2018
| Date         : Wed Oct 20 14:46:54 2021
| Host         : abcoffice running 64-bit major release  (build 9200)
| Command      : report_control_sets -verbose -file ov7725_udp_pc_control_sets_placed.rpt
| Design       : ov7725_udp_pc
| Device       : xc7z020
------------------------------------------------------------------------------------------

Control Set Information

Table of Contents
-----------------
1. Summary
2. Histogram
3. Flip-Flop Distribution
4. Detailed Control Set Information

1. Summary
----------

+----------------------------------------------------------+-------+
|                          Status                          | Count |
+----------------------------------------------------------+-------+
| Number of unique control sets                            |    78 |
| Unused register locations in slices containing registers |   207 |
+----------------------------------------------------------+-------+


2. Histogram
------------

+--------+--------------+
| Fanout | Control Sets |
+--------+--------------+
|      1 |            3 |
|      2 |            2 |
|      3 |            5 |
|      4 |            5 |
|      5 |            8 |
|      6 |            5 |
|      7 |            2 |
|      8 |           13 |
|      9 |            1 |
|     10 |            1 |
|     11 |            1 |
|     12 |            1 |
|     13 |            2 |
|     14 |            2 |
|     15 |            1 |
|    16+ |           26 |
+--------+--------------+


3. Flip-Flop Distribution
-------------------------

+--------------+-----------------------+------------------------+-----------------+--------------+
| Clock Enable | Synchronous Set/Reset | Asynchronous Set/Reset | Total Registers | Total Slices |
+--------------+-----------------------+------------------------+-----------------+--------------+
| No           | No                    | No                     |             120 |           30 |
| No           | No                    | Yes                    |             153 |           73 |
| No           | Yes                   | No                     |              16 |            6 |
| Yes          | No                    | No                     |              23 |            8 |
| Yes          | No                    | Yes                    |             791 |          252 |
| Yes          | Yes                   | No                     |              82 |           24 |
+--------------+-----------------------+------------------------+-----------------+--------------+


4. Detailed Control Set Information
-----------------------------------

+-----------------------------------------------+----------------------------------------------------------------------------------------------------------------------+----------------------------------------------------------------------------------------------------------------------------------------------------+------------------+----------------+
|                  Clock Signal                 |                                                     Enable Signal                                                    |                                                                  Set/Reset Signal                                                                  | Slice Load Count | Bel Load Count |
+-----------------------------------------------+----------------------------------------------------------------------------------------------------------------------+----------------------------------------------------------------------------------------------------------------------------------------------------+------------------+----------------+
|  u_eth_top/u_gmii_to_rgmii/u_rgmii_rx/eth_rxc |                                                                                                                      | u_eth_top/u_arp/u_arp_rx/cnt[4]_i_3_n_0                                                                                                            |                1 |              1 |
|  u_eth_top/u_gmii_to_rgmii/u_rgmii_rx/eth_rxc |                                                                                                                      | u_img_data_pkt/sys_rst_n                                                                                                                           |                1 |              1 |
|  i2c_dri_clk_BUFG                             | u_i2c_dri/scl_i_1_n_0                                                                                                | u_i2c_dri/sys_rst_n                                                                                                                                |                1 |              1 |
|  u_eth_top/u_gmii_to_rgmii/u_rgmii_rx/eth_rxc | u_eth_top/u_udp/u_udp_tx/tx_data_num0                                                                                | u_eth_top/u_arp/u_arp_tx/sys_rst_n                                                                                                                 |                1 |              2 |
|  u_eth_top/u_gmii_to_rgmii/u_rgmii_rx/eth_rxc | u_eth_top/u_udp/u_udp_rx/data_cnt                                                                                    | u_eth_top/u_arp/u_arp_rx/sys_rst_n_0                                                                                                               |                1 |              2 |
|  u_eth_top/u_gmii_to_rgmii/u_rgmii_rx/eth_rxc | u_eth_top/u_udp/u_udp_rx/data_byte_num                                                                               | u_eth_top/u_arp/u_arp_rx/sys_rst_n_0                                                                                                               |                2 |              3 |
|  u_eth_top/u_gmii_to_rgmii/u_rgmii_rx/eth_rxc |                                                                                                                      | u_eth_top/u_arp/u_arp_tx/sys_rst_n_0                                                                                                               |                2 |              3 |
|  u_eth_top/u_gmii_to_rgmii/u_rgmii_rx/eth_rxc | u_eth_top/u_udp/u_udp_rx/data_cnt                                                                                    | u_eth_top/u_udp/u_udp_rx/cur_state[6]_i_2_n_0                                                                                                      |                1 |              3 |
|  u_eth_top/u_gmii_to_rgmii/u_rgmii_rx/eth_rxc | u_eth_top/u_udp/u_udp_rx/rec_pkt_done_i_1_n_0                                                                        | u_eth_top/u_arp/u_arp_rx/sys_rst_n_0                                                                                                               |                1 |              3 |
|  cam_pclk_IBUF_BUFG                           |                                                                                                                      | u_img_data_pkt/async_fifo_1024x32b_inst/U0/inst_fifo_gen/gconvfifo.rf/grf.rf/rstblk/ngwrdrst.grst.g7serrst.gsckt_wrst.gic_rst.sckt_wr_rst_ic_reg_0 |                1 |              3 |
|  cam_pclk_IBUF_BUFG                           | u_cmos_capture_data/cmos_ps_cnt0                                                                                     | u_i2c_cfg/init_done_reg_0                                                                                                                          |                1 |              4 |
|  u_eth_top/u_gmii_to_rgmii/u_rgmii_rx/eth_rxc | u_eth_top/u_udp/u_udp_rx/ip_head_byte_num                                                                            | u_eth_top/u_udp/u_udp_rx/cur_state[6]_i_2_n_0                                                                                                      |                1 |              4 |
|  u_eth_top/u_gmii_to_rgmii/u_rgmii_rx/eth_rxc |                                                                                                                      | u_eth_top/u_udp/u_udp_tx/sys_rst_n                                                                                                                 |                4 |              4 |
|  u_eth_top/u_gmii_to_rgmii/u_rgmii_rx/eth_rxc | u_eth_top/u_udp/u_udp_tx/data_cnt                                                                                    | u_eth_top/u_arp/u_arp_rx/sys_rst_n                                                                                                                 |                1 |              4 |
|  cam_pclk_IBUF_BUFG                           |                                                                                                                      | u_eth_top/u_arp/u_arp_tx/sys_rst_n                                                                                                                 |                1 |              4 |
|  u_eth_top/u_gmii_to_rgmii/u_rgmii_rx/eth_rxc | u_eth_top/u_udp/u_udp_tx/real_add_cnt                                                                                | u_eth_top/u_arp/u_arp_tx/sys_rst_n                                                                                                                 |                2 |              5 |
|  u_eth_top/u_gmii_to_rgmii/u_rgmii_rx/eth_rxc | u_eth_top/u_udp/u_udp_tx/cnt                                                                                         | u_eth_top/u_udp/u_udp_tx/sys_rst_n                                                                                                                 |                2 |              5 |
|  u_eth_top/u_gmii_to_rgmii/u_rgmii_rx/eth_rxc | u_eth_top/u_arp/u_arp_tx/data_cnt[4]_i_1_n_0                                                                         | u_eth_top/u_arp/u_arp_tx/sys_rst_n_0                                                                                                               |                2 |              5 |
|  u_eth_top/u_gmii_to_rgmii/u_rgmii_rx/eth_rxc | u_eth_top/u_arp/u_arp_rx/cnt[4]_i_1_n_0                                                                              | u_eth_top/u_arp/u_arp_rx/cnt[4]_i_3_n_0                                                                                                            |                2 |              5 |
|  u_eth_top/u_gmii_to_rgmii/u_rgmii_rx/eth_rxc | u_eth_top/u_udp/u_udp_rx/rec_pkt_done_i_1_n_0                                                                        | u_eth_top/u_udp/u_udp_rx/cur_state[6]_i_2_n_0                                                                                                      |                2 |              5 |
|  u_eth_top/u_gmii_to_rgmii/u_rgmii_rx/eth_rxc | u_eth_top/u_udp/u_udp_rx/data_byte_num                                                                               | u_eth_top/u_udp/u_udp_rx/cur_state[6]_i_2_n_0                                                                                                      |                3 |              5 |
|  u_eth_top/u_gmii_to_rgmii/u_rgmii_rx/eth_rxc | u_eth_top/u_arp/u_arp_tx/E[0]                                                                                        | u_eth_top/u_udp/u_udp_tx/sys_rst_n                                                                                                                 |                3 |              5 |
|  u_eth_top/u_gmii_to_rgmii/u_rgmii_rx/eth_rxc | u_eth_top/u_udp/u_udp_rx/cnt                                                                                         | u_eth_top/u_udp/u_udp_rx/cur_state[6]_i_2_n_0                                                                                                      |                4 |              5 |
|  u_eth_top/u_gmii_to_rgmii/u_rgmii_rx/eth_rxc | u_eth_top/u_arp/u_arp_tx/cnt[5]_i_1_n_0                                                                              | u_eth_top/u_arp/u_arp_rx/sys_rst_n_0                                                                                                               |                4 |              6 |
|  u_eth_top/u_gmii_to_rgmii/u_rgmii_rx/eth_rxc | u_eth_top/u_udp/u_udp_rx/data_cnt                                                                                    | u_eth_top/u_arp/u_arp_rx/sys_rst_n                                                                                                                 |                2 |              6 |
|  u_eth_top/u_gmii_to_rgmii/u_rgmii_rx/eth_rxc | u_eth_top/u_udp/u_udp_tx/check_buffer                                                                                | u_eth_top/u_arp/u_arp_rx/sys_rst_n                                                                                                                 |                2 |              6 |
|  u_eth_top/u_gmii_to_rgmii/u_rgmii_rx/eth_rxc | u_eth_top/u_udp/u_udp_tx/tx_data_num0                                                                                | u_eth_top/u_arp/u_arp_rx/sys_rst_n_0                                                                                                               |                3 |              6 |
|  u_eth_top/u_gmii_to_rgmii/u_rgmii_rx/eth_rxc | u_eth_top/u_udp/u_udp_tx/tx_done_reg_1[0]                                                                            | u_eth_top/u_arp/u_arp_tx/sys_rst_n_0                                                                                                               |                3 |              6 |
|  u_eth_top/u_gmii_to_rgmii/u_rgmii_rx/eth_rxc | u_eth_top/u_udp/u_udp_tx/ip_head[6][20]_i_1_n_0                                                                      |                                                                                                                                                    |                4 |              7 |
|  u_eth_top/u_gmii_to_rgmii/u_rgmii_rx/eth_rxc | u_eth_top/u_udp/u_udp_rx/data_cnt                                                                                    | u_eth_top/u_arp/u_arp_tx/sys_rst_n                                                                                                                 |                2 |              7 |
|  u_eth_top/u_gmii_to_rgmii/u_rgmii_rx/eth_rxc | u_eth_top/u_udp/u_udp_tx/gmii_tx_en_i_1_n_0                                                                          | u_eth_top/u_udp/u_udp_tx/sys_rst_n                                                                                                                 |                6 |              8 |
|  u_eth_top/u_gmii_to_rgmii/u_rgmii_rx/eth_rxc |                                                                                                                      | u_eth_top/u_arp/u_arp_rx/sys_rst_n                                                                                                                 |                5 |              8 |
|  u_eth_top/u_gmii_to_rgmii/u_rgmii_rx/eth_rxc | u_eth_top/u_udp/u_udp_rx/udp_byte_num_0[15]                                                                          | u_eth_top/u_udp/u_udp_rx/cur_state[6]_i_2_n_0                                                                                                      |                1 |              8 |
|  u_eth_top/u_gmii_to_rgmii/u_rgmii_rx/eth_rxc | u_eth_top/u_arp/u_arp_tx/gmii_txd[7]_i_1_n_0                                                                         | u_eth_top/u_arp/u_arp_tx/sys_rst_n_0                                                                                                               |                4 |              8 |
|  u_eth_top/u_gmii_to_rgmii/u_rgmii_rx/eth_rxc | u_eth_top/u_arp/u_arp_rx/op_data[7]_i_1_n_0                                                                          | u_eth_top/u_arp/u_arp_rx/sys_rst_n                                                                                                                 |                2 |              8 |
|  u_eth_top/u_gmii_to_rgmii/u_rgmii_rx/eth_rxc | u_eth_top/u_udp/u_udp_rx/rec_pkt_done_i_1_n_0                                                                        | u_eth_top/u_arp/u_arp_rx/sys_rst_n                                                                                                                 |                2 |              8 |
|  u_eth_top/u_gmii_to_rgmii/u_rgmii_rx/eth_rxc | u_eth_top/u_arp/u_arp_rx/op_data[15]_i_1_n_0                                                                         | u_eth_top/u_arp/u_arp_rx/sys_rst_n                                                                                                                 |                3 |              8 |
|  u_eth_top/u_gmii_to_rgmii/u_rgmii_rx/eth_rxc | u_eth_top/u_udp/u_udp_rx/udp_byte_num_0[7]                                                                           | u_eth_top/u_udp/u_udp_rx/cur_state[6]_i_2_n_0                                                                                                      |                3 |              8 |
|  u_eth_top/u_gmii_to_rgmii/u_rgmii_rx/eth_rxc | u_eth_top/u_udp/u_udp_rx/rec_data[25]                                                                                | u_eth_top/u_arp/u_arp_rx/sys_rst_n_0                                                                                                               |                2 |              8 |
|  u_eth_top/u_gmii_to_rgmii/u_rgmii_rx/eth_rxc | u_eth_top/u_udp/u_udp_rx/data_byte_num                                                                               | u_eth_top/u_arp/u_arp_rx/sys_rst_n                                                                                                                 |                3 |              8 |
|  u_eth_top/u_gmii_to_rgmii/u_rgmii_rx/eth_rxc | u_eth_top/u_udp/u_udp_rx/eth_type[11]                                                                                | u_eth_top/u_udp/u_udp_rx/cur_state[6]_i_2_n_0                                                                                                      |                2 |              8 |
|  u_eth_top/u_gmii_to_rgmii/u_rgmii_rx/eth_rxc | u_eth_top/u_arp/u_arp_rx/eth_type[15]_i_1_n_0                                                                        | u_eth_top/u_arp/u_arp_rx/sys_rst_n                                                                                                                 |                3 |              8 |
|  cam_pclk_IBUF_BUFG                           | u_cmos_capture_data/cmos_data_t                                                                                      | u_i2c_cfg/init_done_reg_0                                                                                                                          |                2 |              8 |
|  u_eth_top/u_gmii_to_rgmii/u_rgmii_rx/eth_rxc |                                                                                                                      | u_eth_top/u_udp/u_udp_rx/cur_state[6]_i_2_n_0                                                                                                      |                7 |              9 |
|  i2c_dri_clk_BUFG                             | u_i2c_cfg/start_init_cnt[9]_i_1_n_0                                                                                  | u_i2c_dri/sys_rst_n                                                                                                                                |                4 |             10 |
|  u_clk_wiz_0/inst/clk_out1                    |                                                                                                                      | u_i2c_dri/sys_rst_n                                                                                                                                |                4 |             11 |
|  u_eth_top/u_gmii_to_rgmii/u_rgmii_rx/eth_rxc | u_eth_top/u_udp/u_udp_tx/data_cnt                                                                                    | u_eth_top/u_arp/u_arp_tx/sys_rst_n                                                                                                                 |                3 |             12 |
|  u_eth_top/u_gmii_to_rgmii/u_rgmii_rx/eth_rxc |                                                                                                                      | u_img_data_pkt/async_fifo_1024x32b_inst/U0/inst_fifo_gen/gconvfifo.rf/grf.rf/rstblk/SR[0]                                                          |                5 |             13 |
|  cam_pclk_IBUF_BUFG                           |                                                                                                                      | u_i2c_cfg/init_done_reg_0                                                                                                                          |                4 |             13 |
|  u_eth_top/u_gmii_to_rgmii/u_rgmii_rx/eth_rxc | u_eth_top/u_udp/u_udp_tx/check_buffer                                                                                | u_eth_top/u_arp/u_arp_rx/sys_rst_n_0                                                                                                               |                2 |             14 |
|  i2c_dri_clk_BUFG                             | u_i2c_cfg/i2c_exec                                                                                                   | u_i2c_dri/sys_rst_n                                                                                                                                |                5 |             14 |
|  u_eth_top/u_gmii_to_rgmii/u_rgmii_rx/eth_rxc |                                                                                                                      | u_eth_top/u_arp/u_arp_tx/sys_rst_n                                                                                                                 |                6 |             15 |
|  u_eth_top/u_gmii_to_rgmii/u_rgmii_rx/eth_rxc | u_eth_top/u_udp/u_udp_tx/ip_head[2][15]_i_1_n_0                                                                      |                                                                                                                                                    |                4 |             16 |
|  u_eth_top/u_gmii_to_rgmii/u_rgmii_rx/eth_rxc | u_eth_top/u_udp/u_udp_tx/E[0]                                                                                        | u_eth_top/u_udp/u_udp_tx/sys_rst_n                                                                                                                 |                5 |             16 |
|  cam_pclk_IBUF_BUFG                           | u_img_data_pkt/img_data_d0                                                                                           | u_eth_top/u_arp/u_arp_tx/sys_rst_n                                                                                                                 |                5 |             16 |
|  i2c_dri_clk_BUFG                             | u_i2c_dri/addr_t                                                                                                     | u_i2c_dri/sys_rst_n                                                                                                                                |                4 |             16 |
|  u_eth_top/u_gmii_to_rgmii/u_rgmii_rx/eth_rxc |                                                                                                                      | u_eth_top/u_arp/u_arp_rx/sys_rst_n_0                                                                                                               |               10 |             17 |
|  u_eth_top/u_gmii_to_rgmii/u_rgmii_rx/eth_rxc | u_img_data_pkt/async_fifo_1024x32b_inst/U0/inst_fifo_gen/gconvfifo.rf/grf.rf/gntv_or_sync_fifo.gl0.rd/gras.rsts/E[0] | u_img_data_pkt/async_fifo_1024x32b_inst/U0/inst_fifo_gen/gconvfifo.rf/grf.rf/rstblk/SR[0]                                                          |                6 |             20 |
|  u_eth_top/u_gmii_to_rgmii/u_rgmii_rx/eth_rxc | u_eth_top/u_arp/u_arp_rx/src_mac_t[47]_i_1_n_0                                                                       | u_eth_top/u_arp/u_arp_rx/sys_rst_n_0                                                                                                               |                8 |             21 |
|  u_eth_top/u_gmii_to_rgmii/u_rgmii_rx/eth_rxc | u_eth_top/u_arp/u_arp_rx/tx_en_d1_reg[0]                                                                             | u_eth_top/u_arp/u_arp_tx/sys_rst_n                                                                                                                 |                9 |             24 |
|  u_eth_top/u_gmii_to_rgmii/u_rgmii_rx/eth_rxc | u_eth_top/u_udp/u_udp_rx/des_ip                                                                                      | u_eth_top/u_udp/u_udp_rx/cur_state[6]_i_2_n_0                                                                                                      |                6 |             24 |
|  u_eth_top/u_gmii_to_rgmii/u_rgmii_rx/eth_rxc | u_eth_top/u_udp/u_udp_tx/tx_done_reg_1[0]                                                                            | u_eth_top/u_udp/u_udp_tx/sys_rst_n                                                                                                                 |               11 |             26 |
|  u_eth_top/u_gmii_to_rgmii/u_rgmii_rx/eth_rxc | u_eth_top/u_arp/u_arp_tx/E[0]                                                                                        | u_eth_top/u_arp/u_arp_tx/sys_rst_n                                                                                                                 |               12 |             27 |
|  u_eth_top/u_gmii_to_rgmii/u_rgmii_rx/eth_rxc | u_eth_top/u_arp/u_arp_rx/src_mac_t[47]_i_1_n_0                                                                       | u_eth_top/u_arp/u_arp_rx/cnt[4]_i_3_n_0                                                                                                            |                8 |             27 |
|  cam_pclk_IBUF_BUFG                           | u_img_data_pkt/async_fifo_1024x32b_inst/U0/inst_fifo_gen/gconvfifo.rf/grf.rf/gntv_or_sync_fifo.gl0.wr/gwas.wsts/E[0] | u_img_data_pkt/async_fifo_1024x32b_inst/U0/inst_fifo_gen/gconvfifo.rf/grf.rf/rstblk/ngwrdrst.grst.g7serrst.gsckt_wrst.gic_rst.sckt_wr_rst_ic_reg_0 |                6 |             30 |
|  u_eth_top/u_gmii_to_rgmii/u_rgmii_rx/eth_rxc | u_eth_top/u_arp/u_arp_rx/des_ip_t[31]_i_1_n_0                                                                        | u_eth_top/u_arp/u_arp_rx/cnt[4]_i_3_n_0                                                                                                            |                7 |             32 |
|  u_eth_top/u_gmii_to_rgmii/u_rgmii_rx/eth_rxc | u_eth_top/u_udp/u_udp_tx/ip_head[6][20]_i_1_n_0                                                                      | u_eth_top/u_arp/u_arp_rx/trig_tx_en_reg                                                                                                            |               12 |             32 |
|  u_eth_top/u_gmii_to_rgmii/u_rgmii_rx/eth_rxc | u_eth_top/u_arp/u_arp_rx/src_ip_t[31]_i_1_n_0                                                                        | u_eth_top/u_arp/u_arp_rx/sys_rst_n_0                                                                                                               |               11 |             32 |
|  cam_pclk_IBUF_BUFG                           |                                                                                                                      | u_img_data_pkt/sys_rst_n                                                                                                                           |                9 |             33 |
|  u_eth_top/u_gmii_to_rgmii/u_rgmii_rx/eth_rxc | u_eth_top/u_arp/u_arp_rx/arp_rx_done_i_1_n_0                                                                         | u_eth_top/u_arp/u_arp_tx/sys_rst_n_0                                                                                                               |                8 |             34 |
|  i2c_dri_clk_BUFG                             |                                                                                                                      | u_i2c_dri/sys_rst_n                                                                                                                                |               19 |             34 |
|  u_eth_top/u_gmii_to_rgmii/u_rgmii_rx/eth_rxc | u_eth_top/u_arp/u_arp_rx/arp_rx_done_i_1_n_0                                                                         | u_eth_top/u_arp/u_arp_rx/cnt[4]_i_3_n_0                                                                                                            |               12 |             47 |
|  u_eth_top/u_gmii_to_rgmii/u_rgmii_rx/eth_rxc | u_eth_top/u_arp/u_arp_rx/des_mac_t[47]_i_1_n_0                                                                       | u_eth_top/u_arp/u_arp_rx/sys_rst_n                                                                                                                 |               18 |             48 |
|  u_eth_top/u_gmii_to_rgmii/u_rgmii_rx/eth_rxc | u_eth_top/u_udp/u_udp_rx/des_mac                                                                                     | u_eth_top/u_udp/u_udp_rx/cur_state[6]_i_2_n_0                                                                                                      |               10 |             48 |
|  u_eth_top/u_gmii_to_rgmii/u_rgmii_rx/eth_rxc | u_eth_top/u_arp/u_arp_rx/E[0]                                                                                        | u_eth_top/u_udp/u_udp_tx/sys_rst_n                                                                                                                 |               10 |             48 |
|  u_eth_top/u_gmii_to_rgmii/u_rgmii_rx/eth_rxc | u_eth_top/u_arp/u_arp_rx/tx_en_d1_reg[0]                                                                             | u_eth_top/u_arp/u_arp_tx/sys_rst_n_0                                                                                                               |               15 |             56 |
|  u_eth_top/u_gmii_to_rgmii/u_rgmii_rx/eth_rxc |                                                                                                                      |                                                                                                                                                    |               14 |             58 |
|  cam_pclk_IBUF_BUFG                           |                                                                                                                      |                                                                                                                                                    |               16 |             64 |
+-----------------------------------------------+----------------------------------------------------------------------------------------------------------------------+----------------------------------------------------------------------------------------------------------------------------------------------------+------------------+----------------+


